#
# There is insufficient memory for the Java Runtime Environment to continue.
# Native memory allocation (malloc) failed to allocate 315232 bytes. Error detail: Chunk::new
# Possible reasons:
#   The system is out of physical RAM or swap space
#   This process is running with CompressedOops enabled, and the Java Heap may be blocking the growth of the native heap
# Possible solutions:
#   Reduce memory load on the system
#   Increase physical memory or swap space
#   Check if swap backing store is full
#   Decrease Java heap size (-Xmx/-Xms)
#   Decrease number of Java threads
#   Decrease Java thread stack sizes (-Xss)
#   Set larger code cache with -XX:ReservedCodeCacheSize=
#   JVM is running with Unscaled Compressed Oops mode in which the Java heap is
#     placed in the first 4GB address space. The Java Heap base address is the
#     maximum limit for the native heap growth. Please use -XX:HeapBaseMinAddress
#     to set the Java Heap base and to place the Java Heap above 4GB virtual address.
# This output file may be truncated or incomplete.
#
#  Out of Memory Error (arena.cpp:191), pid=34360, tid=27448
#
# JRE version: OpenJDK Runtime Environment Temurin-17.0.11+9 (17.0.11+9) (build 17.0.11+9)
# Java VM: OpenJDK 64-Bit Server VM Temurin-17.0.11+9 (17.0.11+9, mixed mode, tiered, compressed oops, compressed class ptrs, parallel gc, windows-amd64)
# No core dump will be written. Minidumps are not enabled by default on client versions of Windows
#

---------------  S U M M A R Y ------------

Command Line: --add-modules=ALL-SYSTEM --add-opens=java.base/java.util=ALL-UNNAMED --add-opens=java.base/java.lang=ALL-UNNAMED --add-opens=java.base/sun.nio.fs=ALL-UNNAMED -Declipse.application=org.eclipse.jdt.ls.core.id1 -Dosgi.bundles.defaultStartLevel=4 -Declipse.product=org.eclipse.jdt.ls.core.product -Djava.import.generatesMetadataFilesAtProjectRoot=false -DDetectVMInstallationsJob.disabled=true -Dfile.encoding=utf8 -XX:+UseParallelGC -XX:GCTimeRatio=4 -XX:AdaptiveSizePolicyWeight=90 -Dsun.zip.disableMemoryMapping=true -Xmx1G -Xms100m -Xlog:disable -javaagent:c:\Users\TUF GAMING\.vscode\extensions\redhat.java-1.33.0-win32-x64\lombok\lombok-1.18.33.jar c:\Users\TUF GAMING\.vscode\extensions\redhat.java-1.33.0-win32-x64\server\plugins\org.eclipse.equinox.launcher_1.6.900.v20240613-2009.jar -configuration c:\Users\TUF GAMING\AppData\Roaming\Code\User\globalStorage\redhat.java\1.33.0\config_ss_win -data c:\Users\TUF GAMING\AppData\Roaming\Code\User\workspaceStorage\4c67c6df456fc4400a58a0971e32587d\redhat.java\ss_ws --pipe=\\.\pipe\lsp-8a707790450d479bf15c86275eb067b4-sock

Host: AMD Ryzen 7 6800HS with Radeon Graphics        , 16 cores, 7G,  Windows 11 , 64 bit Build 22621 (10.0.22621.3958)
Time: Wed Aug 14 23:56:44 2024 SE Asia Standard Time elapsed time: 0.955241 seconds (0d 0h 0m 0s)

---------------  T H R E A D  ---------------

Current thread (0x000002787fab8fa0):  JavaThread "C2 CompilerThread0" daemon [_thread_in_native, id=27448, stack(0x000000db9cc00000,0x000000db9cd00000)]


Current CompileTask:
C2:    955 1244   !   4       lombok.patcher.ScriptManager$OurClassFileTransformer::transform (364 bytes)

Stack: [0x000000db9cc00000,0x000000db9cd00000]
Native frames: (J=compiled Java code, j=interpreted, Vv=VM code, C=native code)
V  [jvm.dll+0x67d429]
V  [jvm.dll+0x834b7a]
V  [jvm.dll+0x83663e]
V  [jvm.dll+0x836ca3]
V  [jvm.dll+0x247dbf]
V  [jvm.dll+0xac534]
V  [jvm.dll+0xacb7c]
V  [jvm.dll+0x366647]
V  [jvm.dll+0x330bba]
V  [jvm.dll+0x33005a]
V  [jvm.dll+0x21a471]
V  [jvm.dll+0x2198b1]
V  [jvm.dll+0x1a534d]
V  [jvm.dll+0x2295cd]
V  [jvm.dll+0x22779c]
V  [jvm.dll+0x7e9d07]
V  [jvm.dll+0x7e410a]
V  [jvm.dll+0x67c315]
C  [ucrtbase.dll+0x29333]
C  [KERNEL32.DLL+0x1257d]
C  [ntdll.dll+0x5af28]


---------------  P R O C E S S  ---------------

Threads class SMR info:
_java_thread_list=0x0000027801c9f750, length=17, elements={
0x0000027866b11f40, 0x000002787a994010, 0x0000027866bba8c0, 0x000002787fa89090,
0x000002787a996700, 0x000002787a998c40, 0x000002787a99eaa0, 0x000002787fab8fa0,
0x000002787fabce60, 0x000002787facff40, 0x000002787fc60ac0, 0x000002787fc223b0,
0x000002787fc7b320, 0x000002787fcada60, 0x000002787fcae030, 0x0000027801c44f50,
0x000002787fc619f0
}

Java Threads: ( => current thread )
  0x0000027866b11f40 JavaThread "main" [_thread_in_vm, id=12576, stack(0x000000db9c300000,0x000000db9c400000)]
  0x000002787a994010 JavaThread "Reference Handler" daemon [_thread_blocked, id=35016, stack(0x000000db9c600000,0x000000db9c700000)]
  0x0000027866bba8c0 JavaThread "Finalizer" daemon [_thread_blocked, id=34712, stack(0x000000db9c700000,0x000000db9c800000)]
  0x000002787fa89090 JavaThread "Signal Dispatcher" daemon [_thread_blocked, id=30124, stack(0x000000db9c800000,0x000000db9c900000)]
  0x000002787a996700 JavaThread "Attach Listener" daemon [_thread_blocked, id=26760, stack(0x000000db9c900000,0x000000db9ca00000)]
  0x000002787a998c40 JavaThread "Service Thread" daemon [_thread_blocked, id=35052, stack(0x000000db9ca00000,0x000000db9cb00000)]
  0x000002787a99eaa0 JavaThread "Monitor Deflation Thread" daemon [_thread_blocked, id=21220, stack(0x000000db9cb00000,0x000000db9cc00000)]
=>0x000002787fab8fa0 JavaThread "C2 CompilerThread0" daemon [_thread_in_native, id=27448, stack(0x000000db9cc00000,0x000000db9cd00000)]
  0x000002787fabce60 JavaThread "C1 CompilerThread0" daemon [_thread_blocked, id=34084, stack(0x000000db9cd00000,0x000000db9ce00000)]
  0x000002787facff40 JavaThread "Sweeper thread" daemon [_thread_blocked, id=16364, stack(0x000000db9ce00000,0x000000db9cf00000)]
  0x000002787fc60ac0 JavaThread "Common-Cleaner" daemon [_thread_blocked, id=15540, stack(0x000000db9cf00000,0x000000db9d000000)]
  0x000002787fc223b0 JavaThread "C1 CompilerThread1" daemon [_thread_blocked, id=13064, stack(0x000000db9d000000,0x000000db9d100000)]
  0x000002787fc7b320 JavaThread "C1 CompilerThread2" daemon [_thread_blocked, id=34812, stack(0x000000db9d100000,0x000000db9d200000)]
  0x000002787fcada60 JavaThread "C2 CompilerThread1" daemon [_thread_blocked, id=2284, stack(0x000000db9d200000,0x000000db9d300000)]
  0x000002787fcae030 JavaThread "C2 CompilerThread2" daemon [_thread_blocked, id=33696, stack(0x000000db9d300000,0x000000db9d400000)]
  0x0000027801c44f50 JavaThread "C1 CompilerThread3" daemon [_thread_blocked, id=2128, stack(0x000000db9d400000,0x000000db9d500000)]
  0x000002787fc619f0 JavaThread "Notification Thread" daemon [_thread_blocked, id=34548, stack(0x000000db9d500000,0x000000db9d600000)]

Other Threads:
  0x000002787a982790 VMThread "VM Thread" [stack: 0x000000db9c500000,0x000000db9c600000] [id=17616]
  0x0000027801cb33b0 WatcherThread [stack: 0x000000db9d600000,0x000000db9d700000] [id=23936]
  0x0000027866b259a0 GCTaskThread "GC Thread#0" [stack: 0x000000db9c400000,0x000000db9c500000] [id=33724]
  0x0000027802647920 GCTaskThread "GC Thread#1" [stack: 0x000000db9d700000,0x000000db9d800000] [id=35520]
  0x0000027802648c00 GCTaskThread "GC Thread#2" [stack: 0x000000db9d800000,0x000000db9d900000] [id=34940]
  0x0000027802648ec0 GCTaskThread "GC Thread#3" [stack: 0x000000db9d900000,0x000000db9da00000] [id=31092]
  0x0000027802043090 GCTaskThread "GC Thread#4" [stack: 0x000000db9da00000,0x000000db9db00000] [id=1736]
  0x0000027802043760 GCTaskThread "GC Thread#5" [stack: 0x000000db9db00000,0x000000db9dc00000] [id=3956]

Threads with active compile tasks:
C2 CompilerThread0      984 1244   !   4       lombok.patcher.ScriptManager$OurClassFileTransformer::transform (364 bytes)

VM state: not at safepoint (normal execution)

VM Mutex/Monitor currently owned by a thread: None

Heap address: 0x00000000c0000000, size: 1024 MB, Compressed Oops mode: 32-bit

CDS archive(s) not mapped
Compressed class space mapped at: 0x0000000100000000-0x0000000140000000, reserved size: 1073741824
Narrow klass base: 0x0000000000000000, Narrow klass shift: 3, Narrow klass range: 0x140000000

GC Precious Log:
 CPUs: 16 total, 16 available
 Memory: 7418M
 Large Page Support: Disabled
 NUMA Support: Disabled
 Compressed Oops: Enabled (32-bit)
 Alignments: Space 512K, Generation 512K, Heap 2M
 Heap Min Capacity: 100M
 Heap Initial Capacity: 100M
 Heap Max Capacity: 1G
 Pre-touch: Disabled
 Parallel Workers: 13

Heap:
 PSYoungGen      total 29696K, used 17129K [0x00000000eab00000, 0x00000000ecc00000, 0x0000000100000000)
  eden space 25600K, 54% used [0x00000000eab00000,0x00000000eb8b9158,0x00000000ec400000)
  from space 4096K, 75% used [0x00000000ec400000,0x00000000ec7012e0,0x00000000ec800000)
  to   space 4096K, 0% used [0x00000000ec800000,0x00000000ec800000,0x00000000ecc00000)
 ParOldGen       total 68608K, used 16K [0x00000000c0000000, 0x00000000c4300000, 0x00000000eab00000)
  object space 68608K, 0% used [0x00000000c0000000,0x00000000c0004000,0x00000000c4300000)
 Metaspace       used 12709K, committed 12864K, reserved 1114112K
  class space    used 1235K, committed 1280K, reserved 1048576K

Card table byte_map: [0x00000278664a0000,0x00000278666b0000] _byte_map_base: 0x0000027865ea0000

Marking Bits: (ParMarkBitMap*) 0x00007ff9f801d820
 Begin Bits: [0x00000278787a0000, 0x00000278797a0000)
 End Bits:   [0x00000278797a0000, 0x000002787a7a0000)

Polling page: 0x0000027864ad0000

Metaspace:

Usage:
  Non-class:     11.21 MB used.
      Class:      1.21 MB used.
       Both:     12.41 MB used.

Virtual space:
  Non-class space:       64.00 MB reserved,      11.31 MB ( 18%) committed,  1 nodes.
      Class space:        1.00 GB reserved,       1.25 MB ( <1%) committed,  1 nodes.
             Both:        1.06 GB reserved,      12.56 MB (  1%) committed. 

Chunk freelists:
   Non-Class:  3.97 MB
       Class:  14.59 MB
        Both:  18.56 MB

MaxMetaspaceSize: unlimited
CompressedClassSpaceSize: 1.00 GB
Initial GC threshold: 21.00 MB
Current GC threshold: 21.00 MB
CDS: off
MetaspaceReclaimPolicy: balanced
 - commit_granule_bytes: 65536.
 - commit_granule_words: 8192.
 - virtual_space_node_default_size: 8388608.
 - enlarge_chunks_in_place: 1.
 - new_chunks_are_fully_committed: 0.
 - uncommit_free_chunks: 1.
 - use_allocation_guard: 0.
 - handle_deallocations: 1.


Internal statistics:

num_allocs_failed_limit: 0.
num_arena_births: 40.
num_arena_deaths: 0.
num_vsnodes_births: 2.
num_vsnodes_deaths: 0.
num_space_committed: 201.
num_space_uncommitted: 0.
num_chunks_returned_to_freelist: 0.
num_chunks_taken_from_freelist: 167.
num_chunk_merges: 0.
num_chunk_splits: 113.
num_chunks_enlarged: 93.
num_inconsistent_stats: 0.

CodeHeap 'non-profiled nmethods': size=119168Kb used=554Kb max_used=554Kb free=118613Kb
 bounds [0x0000027871340000, 0x00000278715b0000, 0x00000278787a0000]
CodeHeap 'profiled nmethods': size=119104Kb used=2473Kb max_used=2473Kb free=116630Kb
 bounds [0x00000278697a0000, 0x0000027869a10000, 0x0000027870bf0000]
CodeHeap 'non-nmethods': size=7488Kb used=2836Kb max_used=2870Kb free=4651Kb
 bounds [0x0000027870bf0000, 0x0000027870ec0000, 0x0000027871340000]
 total_blobs=1816 nmethods=1374 adapters=354
 compilation: enabled
              stopped_count=0, restarted_count=0
 full_count=0

Compilation events (20 events):
Event: 0.951 Thread 0x000002787fabce60 1320       3       java.lang.reflect.Method::invoke (65 bytes)
Event: 0.951 Thread 0x000002787fc223b0 1321       3       jdk.internal.reflect.DelegatingMethodAccessorImpl::invoke (10 bytes)
Event: 0.951 Thread 0x000002787fc223b0 nmethod 1321 0x00000278699f3110 code [0x00000278699f32c0, 0x00000278699f3488]
Event: 0.951 Thread 0x000002787fc223b0 1322       3       java.lang.Boolean::valueOf (14 bytes)
Event: 0.951 Thread 0x000002787fcae030 nmethod 1319 0x00000278713c7a10 code [0x00000278713c7ba0, 0x00000278713c7ca8]
Event: 0.951 Thread 0x000002787fc223b0 nmethod 1322 0x00000278699f3590 code [0x00000278699f3720, 0x00000278699f3898]
Event: 0.951 Thread 0x000002787fabce60 nmethod 1320 0x00000278699f3910 code [0x00000278699f3b00, 0x00000278699f3f58]
Event: 0.951 Thread 0x000002787fabce60 1323   !   3       jdk.internal.reflect.GeneratedMethodAccessor1::invoke (61 bytes)
Event: 0.951 Thread 0x000002787fc223b0 1324   !   3       jdk.internal.reflect.GeneratedMethodAccessor2::invoke (64 bytes)
Event: 0.951 Thread 0x000002787fabce60 nmethod 1323 0x00000278699f4110 code [0x00000278699f4320, 0x00000278699f4948]
Event: 0.951 Thread 0x0000027801c44f50 1325       3       java.lang.StringLatin1::getChar (9 bytes)
Event: 0.952 Thread 0x000002787fc223b0 nmethod 1324 0x00000278699f4c10 code [0x00000278699f4e60, 0x00000278699f56b8]
Event: 0.952 Thread 0x000002787fabce60 1326       3       java.lang.StringLatin1::compareTo (52 bytes)
Event: 0.952 Thread 0x000002787fc7b320 1327       3       java.lang.String::compareTo (9 bytes)
Event: 0.952 Thread 0x000002787fc223b0 1328       3       java.lang.String::compareTo (63 bytes)
Event: 0.952 Thread 0x0000027801c44f50 nmethod 1325 0x00000278699f5a10 code [0x00000278699f5ba0, 0x00000278699f5cb8]
Event: 0.952 Thread 0x0000027801c44f50 1329       3       java.lang.StringLatin1::compareTo (14 bytes)
Event: 0.952 Thread 0x0000027801c44f50 nmethod 1329 0x00000278699f5d90 code [0x00000278699f5f40, 0x00000278699f6068]
Event: 0.952 Thread 0x000002787fc7b320 nmethod 1327 0x00000278699f6190 code [0x00000278699f6340, 0x00000278699f6568]
Event: 0.952 Thread 0x000002787fabce60 nmethod 1326 0x00000278699f6610 code [0x00000278699f67e0, 0x00000278699f6bb8]

GC Heap History (2 events):
Event: 0.655 GC heap before
{Heap before GC invocations=1 (full 0):
 PSYoungGen      total 29696K, used 25600K [0x00000000eab00000, 0x00000000ecc00000, 0x0000000100000000)
  eden space 25600K, 100% used [0x00000000eab00000,0x00000000ec400000,0x00000000ec400000)
  from space 4096K, 0% used [0x00000000ec800000,0x00000000ec800000,0x00000000ecc00000)
  to   space 4096K, 0% used [0x00000000ec400000,0x00000000ec400000,0x00000000ec800000)
 ParOldGen       total 68608K, used 0K [0x00000000c0000000, 0x00000000c4300000, 0x00000000eab00000)
  object space 68608K, 0% used [0x00000000c0000000,0x00000000c0000000,0x00000000c4300000)
 Metaspace       used 10609K, committed 10752K, reserved 1114112K
  class space    used 1055K, committed 1152K, reserved 1048576K
}
Event: 0.661 GC heap after
{Heap after GC invocations=1 (full 0):
 PSYoungGen      total 29696K, used 3076K [0x00000000eab00000, 0x00000000ecc00000, 0x0000000100000000)
  eden space 25600K, 0% used [0x00000000eab00000,0x00000000eab00000,0x00000000ec400000)
  from space 4096K, 75% used [0x00000000ec400000,0x00000000ec7012e0,0x00000000ec800000)
  to   space 4096K, 0% used [0x00000000ec800000,0x00000000ec800000,0x00000000ecc00000)
 ParOldGen       total 68608K, used 16K [0x00000000c0000000, 0x00000000c4300000, 0x00000000eab00000)
  object space 68608K, 0% used [0x00000000c0000000,0x00000000c0004000,0x00000000c4300000)
 Metaspace       used 10609K, committed 10752K, reserved 1114112K
  class space    used 1055K, committed 1152K, reserved 1048576K
}

Dll operation events (8 events):
Event: 0.009 Loaded shared library c:\Users\TUF GAMING\.vscode\extensions\redhat.java-1.33.0-win32-x64\jre\17.0.11-win32-x86_64\bin\java.dll
Event: 0.135 Loaded shared library c:\Users\TUF GAMING\.vscode\extensions\redhat.java-1.33.0-win32-x64\jre\17.0.11-win32-x86_64\bin\zip.dll
Event: 0.139 Loaded shared library C:\Users\TUF GAMING\.vscode\extensions\redhat.java-1.33.0-win32-x64\jre\17.0.11-win32-x86_64\bin\instrument.dll
Event: 0.149 Loaded shared library C:\Users\TUF GAMING\.vscode\extensions\redhat.java-1.33.0-win32-x64\jre\17.0.11-win32-x86_64\bin\net.dll
Event: 0.151 Loaded shared library C:\Users\TUF GAMING\.vscode\extensions\redhat.java-1.33.0-win32-x64\jre\17.0.11-win32-x86_64\bin\nio.dll
Event: 0.156 Loaded shared library C:\Users\TUF GAMING\.vscode\extensions\redhat.java-1.33.0-win32-x64\jre\17.0.11-win32-x86_64\bin\zip.dll
Event: 0.170 Loaded shared library C:\Users\TUF GAMING\.vscode\extensions\redhat.java-1.33.0-win32-x64\jre\17.0.11-win32-x86_64\bin\jimage.dll
Event: 0.219 Loaded shared library c:\Users\TUF GAMING\.vscode\extensions\redhat.java-1.33.0-win32-x64\jre\17.0.11-win32-x86_64\bin\verify.dll

Deoptimization events (20 events):
Event: 0.798 Thread 0x0000027866b11f40 Uncommon trap: trap_request=0xffffff45 fr.pc=0x0000027871383434 relative=0x0000000000000f74
Event: 0.798 Thread 0x0000027866b11f40 Uncommon trap: reason=unstable_if action=reinterpret pc=0x0000027871383434 method=lombok.patcher.PatchScript.classMatches(Ljava/lang/String;Ljava/util/Collection;)Z @ 25 c2
Event: 0.798 Thread 0x0000027866b11f40 DEOPT PACKING pc=0x0000027871383434 sp=0x000000db9c3f8400
Event: 0.798 Thread 0x0000027866b11f40 DEOPT UNPACKING pc=0x0000027870c466a3 sp=0x000000db9c3f8368 mode 2
Event: 0.800 Thread 0x0000027866b11f40 DEOPT PACKING pc=0x0000027869816b45 sp=0x000000db9c3f78a0
Event: 0.800 Thread 0x0000027866b11f40 DEOPT UNPACKING pc=0x0000027870c46e43 sp=0x000000db9c3f6d50 mode 0
Event: 0.812 Thread 0x0000027866b11f40 DEOPT PACKING pc=0x0000027869816b45 sp=0x000000db9c3f3c80
Event: 0.813 Thread 0x0000027866b11f40 DEOPT UNPACKING pc=0x0000027870c46e43 sp=0x000000db9c3f3130 mode 0
Event: 0.815 Thread 0x0000027866b11f40 DEOPT PACKING pc=0x0000027869816b45 sp=0x000000db9c3f3c80
Event: 0.815 Thread 0x0000027866b11f40 DEOPT UNPACKING pc=0x0000027870c46e43 sp=0x000000db9c3f3130 mode 0
Event: 0.836 Thread 0x0000027866b11f40 DEOPT PACKING pc=0x0000027869816b45 sp=0x000000db9c3f77b0
Event: 0.836 Thread 0x0000027866b11f40 DEOPT UNPACKING pc=0x0000027870c46e43 sp=0x000000db9c3f6c60 mode 0
Event: 0.875 Thread 0x0000027866b11f40 Uncommon trap: trap_request=0xffffffc6 fr.pc=0x000002787136e11c relative=0x000000000000027c
Event: 0.875 Thread 0x0000027866b11f40 Uncommon trap: reason=bimorphic_or_optimized_type_check action=maybe_recompile pc=0x000002787136e11c method=java.util.Collections$UnmodifiableCollection$1.next()Ljava/lang/Object; @ 4 c2
Event: 0.875 Thread 0x0000027866b11f40 DEOPT PACKING pc=0x000002787136e11c sp=0x000000db9c3f7ea0
Event: 0.875 Thread 0x0000027866b11f40 DEOPT UNPACKING pc=0x0000027870c466a3 sp=0x000000db9c3f7e50 mode 2
Event: 0.875 Thread 0x0000027866b11f40 Uncommon trap: trap_request=0xffffffc6 fr.pc=0x000002787136e11c relative=0x000000000000027c
Event: 0.875 Thread 0x0000027866b11f40 Uncommon trap: reason=bimorphic_or_optimized_type_check action=maybe_recompile pc=0x000002787136e11c method=java.util.Collections$UnmodifiableCollection$1.next()Ljava/lang/Object; @ 4 c2
Event: 0.875 Thread 0x0000027866b11f40 DEOPT PACKING pc=0x000002787136e11c sp=0x000000db9c3f7ea0
Event: 0.875 Thread 0x0000027866b11f40 DEOPT UNPACKING pc=0x0000027870c466a3 sp=0x000000db9c3f7e50 mode 2

Classes unloaded (0 events):
No events

Classes redefined (0 events):
No events

Internal exceptions (20 events):
Event: 0.444 Thread 0x0000027866b11f40 Exception <a 'java/io/FileNotFoundException'{0x00000000eba2a3c8}> (0x00000000eba2a3c8) 
thrown [s\src\hotspot\share\prims\jni.cpp, line 516]
Event: 0.444 Thread 0x0000027866b11f40 Exception <a 'java/io/FileNotFoundException'{0x00000000eba2b140}> (0x00000000eba2b140) 
thrown [s\src\hotspot\share\prims\jni.cpp, line 516]
Event: 0.445 Thread 0x0000027866b11f40 Exception <a 'java/io/FileNotFoundException'{0x00000000eba2beb0}> (0x00000000eba2beb0) 
thrown [s\src\hotspot\share\prims\jni.cpp, line 516]
Event: 0.448 Thread 0x0000027866b11f40 Implicit null exception at 0x0000027871367372 to 0x0000027871367890
Event: 0.451 Thread 0x0000027866b11f40 Exception <a 'java/io/FileNotFoundException'{0x00000000eba66850}> (0x00000000eba66850) 
thrown [s\src\hotspot\share\prims\jni.cpp, line 516]
Event: 0.609 Thread 0x0000027866b11f40 Exception <a 'java/lang/ClassNotFoundException'{0x00000000ec280ff0}: sun/net/www/protocol/c/Handler> (0x00000000ec280ff0) 
thrown [s\src\hotspot\share\classfile\systemDictionary.cpp, line 256]
Event: 0.609 Thread 0x0000027866b11f40 Exception <a 'java/lang/ClassNotFoundException'{0x00000000ec282360}: sun/net/www/protocol/c/Handler> (0x00000000ec282360) 
thrown [s\src\hotspot\share\classfile\systemDictionary.cpp, line 256]
Event: 0.609 Thread 0x0000027866b11f40 Exception <a 'java/lang/ClassNotFoundException'{0x00000000ec283500}: sun/net/www/protocol/c/Handler> (0x00000000ec283500) 
thrown [s\src\hotspot\share\classfile\systemDictionary.cpp, line 256]
Event: 0.618 Thread 0x0000027866b11f40 Exception <a 'java/io/FileNotFoundException'{0x00000000ec2a6da8}> (0x00000000ec2a6da8) 
thrown [s\src\hotspot\share\prims\jni.cpp, line 516]
Event: 0.648 Thread 0x0000027866b11f40 Implicit null exception at 0x000002787138b2db to 0x000002787138bbf4
Event: 0.648 Thread 0x0000027866b11f40 Implicit null exception at 0x0000027871390fec to 0x00000278713911c8
Event: 0.649 Thread 0x0000027866b11f40 Implicit null exception at 0x000002787139276c to 0x0000027871392948
Event: 0.649 Thread 0x0000027866b11f40 Implicit null exception at 0x000002787138c50f to 0x000002787138c585
Event: 0.695 Thread 0x0000027866b11f40 Exception <a 'java/lang/NoSuchMethodError'{0x00000000ead40b18}: 'int java.lang.invoke.DirectMethodHandle$Holder.invokeStaticInit(java.lang.Object, java.lang.Object, java.lang.Object, java.lang.Object)'> (0x00000000ead40b18) 
thrown [s\src\hotspot\share\interpreter\linkResolver.cpp, line 759]
Event: 0.696 Thread 0x0000027866b11f40 Exception <a 'java/lang/NoSuchMethodError'{0x00000000ead4b290}: 'java.lang.Object java.lang.invoke.DirectMethodHandle$Holder.invokeInterface(java.lang.Object, java.lang.Object)'> (0x00000000ead4b290) 
thrown [s\src\hotspot\share\interpreter\linkResolver.cpp, line 759]
Event: 0.697 Thread 0x0000027866b11f40 Exception <a 'java/lang/IncompatibleClassChangeError'{0x00000000ead4ea88}: Found class java.lang.Object, but interface was expected> (0x00000000ead4ea88) 
thrown [s\src\hotspot\share\interpreter\linkResolver.cpp, line 826]
Event: 0.698 Thread 0x0000027866b11f40 Exception <a 'java/lang/NoSuchMethodError'{0x00000000ead52f78}: 'void java.lang.invoke.DirectMethodHandle$Holder.invokeStatic(java.lang.Object, java.lang.Object)'> (0x00000000ead52f78) 
thrown [s\src\hotspot\share\interpreter\linkResolver.cpp, line 759]
Event: 0.699 Thread 0x0000027866b11f40 Exception <a 'java/lang/NoSuchMethodError'{0x00000000ead96a00}: 'void java.lang.invoke.DirectMethodHandle$Holder.invokeStaticInit(java.lang.Object, java.lang.Object)'> (0x00000000ead96a00) 
thrown [s\src\hotspot\share\interpreter\linkResolver.cpp, line 759]
Event: 0.701 Thread 0x0000027866b11f40 Exception <a 'java/lang/NoSuchMethodError'{0x00000000ead9df10}: 'int java.lang.invoke.DirectMethodHandle$Holder.invokeStaticInit(java.lang.Object, java.lang.Object)'> (0x00000000ead9df10) 
thrown [s\src\hotspot\share\interpreter\linkResolver.cpp, line 759]
Event: 0.740 Thread 0x0000027866b11f40 Exception <a 'java/lang/NoSuchMethodError'{0x00000000eaec9748}: 'void java.lang.invoke.DirectMethodHandle$Holder.invokeSpecial(java.lang.Object, java.lang.Object, java.lang.Object)'> (0x00000000eaec9748) 
thrown [s\src\hotspot\share\interpreter\linkResolver.cpp, line 759]

VM Operations (12 events):
Event: 0.121 Executing VM operation: HandshakeAllThreads
Event: 0.121 Executing VM operation: HandshakeAllThreads done
Event: 0.181 Executing VM operation: HandshakeAllThreads
Event: 0.181 Executing VM operation: HandshakeAllThreads done
Event: 0.422 Executing VM operation: HandshakeAllThreads
Event: 0.422 Executing VM operation: HandshakeAllThreads done
Event: 0.435 Executing VM operation: HandshakeAllThreads
Event: 0.435 Executing VM operation: HandshakeAllThreads done
Event: 0.618 Executing VM operation: ICBufferFull
Event: 0.618 Executing VM operation: ICBufferFull done
Event: 0.655 Executing VM operation: ParallelGCFailedAllocation
Event: 0.661 Executing VM operation: ParallelGCFailedAllocation done

Events (20 events):
Event: 0.797 loading class java/security/SignatureException
Event: 0.797 loading class java/security/SignatureException done
Event: 0.797 loading class java/security/cert/CertificateException
Event: 0.797 loading class java/security/cert/CertificateException done
Event: 0.797 loading class java/security/NoSuchAlgorithmException
Event: 0.797 loading class java/security/NoSuchAlgorithmException done
Event: 0.797 loading class java/security/NoSuchProviderException
Event: 0.797 loading class java/security/NoSuchProviderException done
Event: 0.819 loading class java/lang/TypeNotPresentException
Event: 0.819 loading class java/lang/TypeNotPresentException done
Event: 0.929 loading class java/util/Collections$UnmodifiableMap$UnmodifiableEntrySet
Event: 0.929 loading class java/util/Collections$UnmodifiableMap$UnmodifiableEntrySet done
Event: 0.929 loading class java/util/Collections$UnmodifiableMap$UnmodifiableEntrySet$1
Event: 0.929 loading class java/util/Collections$UnmodifiableMap$UnmodifiableEntrySet$1 done
Event: 0.929 loading class java/util/Collections$UnmodifiableMap$UnmodifiableEntrySet$UnmodifiableEntry
Event: 0.929 loading class java/util/Collections$UnmodifiableMap$UnmodifiableEntrySet$UnmodifiableEntry done
Event: 0.946 loading class java/lang/reflect/TypeVariable
Event: 0.946 loading class java/lang/reflect/TypeVariable done
Event: 0.947 loading class java/lang/reflect/AnnotatedType
Event: 0.947 loading class java/lang/reflect/AnnotatedType done


Dynamic libraries:
0x00007ff709cc0000 - 0x00007ff709cce000 	c:\Users\TUF GAMING\.vscode\extensions\redhat.java-1.33.0-win32-x64\jre\17.0.11-win32-x86_64\bin\java.exe
0x00007ffaab910000 - 0x00007ffaabb27000 	C:\Windows\SYSTEM32\ntdll.dll
0x00007ffaab170000 - 0x00007ffaab234000 	C:\Windows\System32\KERNEL32.DLL
0x00007ffaa91f0000 - 0x00007ffaa959d000 	C:\Windows\System32\KERNELBASE.dll
0x00007ffaa8dc0000 - 0x00007ffaa8ed1000 	C:\Windows\System32\ucrtbase.dll
0x00007ffaa4590000 - 0x00007ffaa45a7000 	c:\Users\TUF GAMING\.vscode\extensions\redhat.java-1.33.0-win32-x64\jre\17.0.11-win32-x86_64\bin\jli.dll
0x00007ffaa45b0000 - 0x00007ffaa45cb000 	c:\Users\TUF GAMING\.vscode\extensions\redhat.java-1.33.0-win32-x64\jre\17.0.11-win32-x86_64\bin\VCRUNTIME140.dll
0x00007ffaaa580000 - 0x00007ffaaa72e000 	C:\Windows\System32\USER32.dll
0x00007ffaa9190000 - 0x00007ffaa91b6000 	C:\Windows\System32\win32u.dll
0x00007ffaa1c40000 - 0x00007ffaa1ed3000 	C:\Windows\WinSxS\amd64_microsoft.windows.common-controls_6595b64144ccf1df_6.0.22621.3672_none_2713b9d173822955\COMCTL32.dll
0x00007ffaab4e0000 - 0x00007ffaab509000 	C:\Windows\System32\GDI32.dll
0x00007ffaab430000 - 0x00007ffaab4d7000 	C:\Windows\System32\msvcrt.dll
0x00007ffaa8ca0000 - 0x00007ffaa8db9000 	C:\Windows\System32\gdi32full.dll
0x00007ffaa95a0000 - 0x00007ffaa963a000 	C:\Windows\System32\msvcp_win.dll
0x00007ffaab3f0000 - 0x00007ffaab421000 	C:\Windows\System32\IMM32.DLL
0x00007ffaa4570000 - 0x00007ffaa457c000 	c:\Users\TUF GAMING\.vscode\extensions\redhat.java-1.33.0-win32-x64\jre\17.0.11-win32-x86_64\bin\vcruntime140_1.dll
0x00007ffa7c550000 - 0x00007ffa7c5dd000 	c:\Users\TUF GAMING\.vscode\extensions\redhat.java-1.33.0-win32-x64\jre\17.0.11-win32-x86_64\bin\msvcp140.dll
0x00007ff9f7480000 - 0x00007ff9f80e2000 	c:\Users\TUF GAMING\.vscode\extensions\redhat.java-1.33.0-win32-x64\jre\17.0.11-win32-x86_64\bin\server\jvm.dll
0x00007ffaab6e0000 - 0x00007ffaab792000 	C:\Windows\System32\ADVAPI32.dll
0x00007ffaaaf40000 - 0x00007ffaaafe9000 	C:\Windows\System32\sechost.dll
0x00007ffaa91c0000 - 0x00007ffaa91e8000 	C:\Windows\System32\bcrypt.dll
0x00007ffaa9b90000 - 0x00007ffaa9ca4000 	C:\Windows\System32\RPCRT4.dll
0x00007ffaa4710000 - 0x00007ffaa4719000 	C:\Windows\SYSTEM32\WSOCK32.dll
0x00007ffaa3f40000 - 0x00007ffaa3f74000 	C:\Windows\SYSTEM32\WINMM.dll
0x00007ffaa7ac0000 - 0x00007ffaa7b0d000 	C:\Windows\SYSTEM32\POWRPROF.dll
0x00007ffaab0f0000 - 0x00007ffaab161000 	C:\Windows\System32\WS2_32.dll
0x00007ffa9feb0000 - 0x00007ffa9feba000 	C:\Windows\SYSTEM32\VERSION.dll
0x00007ffaa7aa0000 - 0x00007ffaa7ab3000 	C:\Windows\SYSTEM32\UMPDC.dll
0x00007ffaa7d50000 - 0x00007ffaa7d68000 	C:\Windows\SYSTEM32\kernel.appcore.dll
0x00007ffaa4550000 - 0x00007ffaa455a000 	c:\Users\TUF GAMING\.vscode\extensions\redhat.java-1.33.0-win32-x64\jre\17.0.11-win32-x86_64\bin\jimage.dll
0x00007ffa9f9f0000 - 0x00007ffa9fc22000 	C:\Windows\SYSTEM32\DBGHELP.DLL
0x00007ffaa9800000 - 0x00007ffaa9b8d000 	C:\Windows\System32\combase.dll
0x00007ffaab2b0000 - 0x00007ffaab387000 	C:\Windows\System32\OLEAUT32.dll
0x00007ffa9fcd0000 - 0x00007ffa9fd02000 	C:\Windows\SYSTEM32\dbgcore.DLL
0x00007ffaa8ee0000 - 0x00007ffaa8f5b000 	C:\Windows\System32\bcryptPrimitives.dll
0x00007ffaa4540000 - 0x00007ffaa454e000 	c:\Users\TUF GAMING\.vscode\extensions\redhat.java-1.33.0-win32-x64\jre\17.0.11-win32-x86_64\bin\instrument.dll
0x00007ffa9a970000 - 0x00007ffa9a995000 	c:\Users\TUF GAMING\.vscode\extensions\redhat.java-1.33.0-win32-x64\jre\17.0.11-win32-x86_64\bin\java.dll
0x00007ffaa36e0000 - 0x00007ffaa36f8000 	c:\Users\TUF GAMING\.vscode\extensions\redhat.java-1.33.0-win32-x64\jre\17.0.11-win32-x86_64\bin\zip.dll
0x00007ffaa9cb0000 - 0x00007ffaaa518000 	C:\Windows\System32\SHELL32.dll
0x00007ffaa6b60000 - 0x00007ffaa745e000 	C:\Windows\SYSTEM32\windows.storage.dll
0x00007ffaa6a20000 - 0x00007ffaa6b5f000 	C:\Windows\SYSTEM32\wintypes.dll
0x00007ffaab7a0000 - 0x00007ffaab899000 	C:\Windows\System32\SHCORE.dll
0x00007ffaab390000 - 0x00007ffaab3ee000 	C:\Windows\System32\shlwapi.dll
0x00007ffaa8b60000 - 0x00007ffaa8b81000 	C:\Windows\SYSTEM32\profapi.dll
0x00007ffa9ff10000 - 0x00007ffa9ff29000 	C:\Users\TUF GAMING\.vscode\extensions\redhat.java-1.33.0-win32-x64\jre\17.0.11-win32-x86_64\bin\net.dll
0x00007ffaa5910000 - 0x00007ffaa5a46000 	C:\Windows\SYSTEM32\WINHTTP.dll
0x00007ffaa81c0000 - 0x00007ffaa8229000 	C:\Windows\system32\mswsock.dll
0x00007ffa9f9b0000 - 0x00007ffa9f9c6000 	C:\Users\TUF GAMING\.vscode\extensions\redhat.java-1.33.0-win32-x64\jre\17.0.11-win32-x86_64\bin\nio.dll
0x00007ffaa42c0000 - 0x00007ffaa42d0000 	c:\Users\TUF GAMING\.vscode\extensions\redhat.java-1.33.0-win32-x64\jre\17.0.11-win32-x86_64\bin\verify.dll

dbghelp: loaded successfully - version: 4.0.5 - missing functions: none
symbol engine: initialized successfully - sym options: 0x614 - pdb path: .;c:\Users\TUF GAMING\.vscode\extensions\redhat.java-1.33.0-win32-x64\jre\17.0.11-win32-x86_64\bin;C:\Windows\SYSTEM32;C:\Windows\WinSxS\amd64_microsoft.windows.common-controls_6595b64144ccf1df_6.0.22621.3672_none_2713b9d173822955;c:\Users\TUF GAMING\.vscode\extensions\redhat.java-1.33.0-win32-x64\jre\17.0.11-win32-x86_64\bin\server

VM Arguments:
jvm_args: --add-modules=ALL-SYSTEM --add-opens=java.base/java.util=ALL-UNNAMED --add-opens=java.base/java.lang=ALL-UNNAMED --add-opens=java.base/sun.nio.fs=ALL-UNNAMED -Declipse.application=org.eclipse.jdt.ls.core.id1 -Dosgi.bundles.defaultStartLevel=4 -Declipse.product=org.eclipse.jdt.ls.core.product -Djava.import.generatesMetadataFilesAtProjectRoot=false -DDetectVMInstallationsJob.disabled=true -Dfile.encoding=utf8 -XX:+UseParallelGC -XX:GCTimeRatio=4 -XX:AdaptiveSizePolicyWeight=90 -Dsun.zip.disableMemoryMapping=true -Xmx1G -Xms100m -Xlog:disable -javaagent:c:\Users\TUF GAMING\.vscode\extensions\redhat.java-1.33.0-win32-x64\lombok\lombok-1.18.33.jar 
java_command: c:\Users\TUF GAMING\.vscode\extensions\redhat.java-1.33.0-win32-x64\server\plugins\org.eclipse.equinox.launcher_1.6.900.v20240613-2009.jar -configuration c:\Users\TUF GAMING\AppData\Roaming\Code\User\globalStorage\redhat.java\1.33.0\config_ss_win -data c:\Users\TUF GAMING\AppData\Roaming\Code\User\workspaceStorage\4c67c6df456fc4400a58a0971e32587d\redhat.java\ss_ws --pipe=\\.\pipe\lsp-8a707790450d479bf15c86275eb067b4-sock
java_class_path (initial): c:\Users\TUF GAMING\.vscode\extensions\redhat.java-1.33.0-win32-x64\server\plugins\org.eclipse.equinox.launcher_1.6.900.v20240613-2009.jar
Launcher Type: SUN_STANDARD

[Global flags]
    uintx AdaptiveSizePolicyWeight                 = 90                                        {product} {command line}
     intx CICompilerCount                          = 12                                        {product} {ergonomic}
    uintx GCTimeRatio                              = 4                                         {product} {command line}
   size_t InitialHeapSize                          = 104857600                                 {product} {command line}
   size_t MaxHeapSize                              = 1073741824                                {product} {command line}
   size_t MaxNewSize                               = 357564416                                 {product} {ergonomic}
   size_t MinHeapDeltaBytes                        = 524288                                    {product} {ergonomic}
   size_t MinHeapSize                              = 104857600                                 {product} {command line}
   size_t NewSize                                  = 34603008                                  {product} {ergonomic}
    uintx NonNMethodCodeHeapSize                   = 7602480                                {pd product} {ergonomic}
    uintx NonProfiledCodeHeapSize                  = 122027880                              {pd product} {ergonomic}
   size_t OldSize                                  = 70254592                                  {product} {ergonomic}
    uintx ProfiledCodeHeapSize                     = 122027880                              {pd product} {ergonomic}
    uintx ReservedCodeCacheSize                    = 251658240                              {pd product} {ergonomic}
     bool SegmentedCodeCache                       = true                                      {product} {ergonomic}
   size_t SoftMaxHeapSize                          = 1073741824                             {manageable} {ergonomic}
     bool UseCompressedClassPointers               = true                           {product lp64_product} {ergonomic}
     bool UseCompressedOops                        = true                           {product lp64_product} {ergonomic}
     bool UseLargePagesIndividualAllocation        = false                                  {pd product} {ergonomic}
     bool UseParallelGC                            = true                                      {product} {command line}

Logging:
Log output configuration:
 #0: stdout all=off uptime,level,tags
 #1: stderr all=off uptime,level,tags

Environment Variables:
PATH=C:\Program Files (x86)\Common Files\Oracle\Java\javapath;C:\Python312\Scripts\;C:\Python312\;C:\Windows\system32;C:\Windows;C:\Windows\System32\Wbem;C:\Windows\System32\WindowsPowerShell\v1.0\;C:\Windows\System32\OpenSSH\;C:\Program Files (x86)\NVIDIA Corporation\PhysX\Common;C:\Program Files\NVIDIA Corporation\NVIDIA NvDLISR;C:\ProgramData\chocolatey\bin;C:\Program Files\nodejs\;C:\Program Files\dotnet\;C:\Program Files\MySQL\MySQL Shell 8.0\bin\;C:\Users\TUF GAMING\scoop\apps\python\current\Scripts;C:\Users\TUF GAMING\scoop\apps\python\current;C:\Users\TUF GAMING\scoop\shims;C:\Users\TUF GAMING\AppData\Local\Microsoft\WindowsApps;C:\Users\TUF GAMING\AppData\Local\JetBrains\Toolbox\scripts;C:\Users\TUF GAMING\AppData\Local\GitHubDesktop\bin;D:\Microsoft VS Code\bin;C:\Users\TUF GAMING\AppData\Roaming\npm
USERNAME=TUF GAMING
OS=Windows_NT
PROCESSOR_IDENTIFIER=AMD64 Family 25 Model 68 Stepping 1, AuthenticAMD
TMP=C:\Users\TUFGAM~1\AppData\Local\Temp
TEMP=C:\Users\TUFGAM~1\AppData\Local\Temp



Periodic native trim disabled


---------------  S Y S T E M  ---------------

OS:
 Windows 11 , 64 bit Build 22621 (10.0.22621.3958)
OS uptime: 0 days 10:10 hours

CPU: total 16 (initial active 16) (16 cores per cpu, 2 threads per core) family 25 model 68 stepping 1 microcode 0x0, cx8, cmov, fxsr, ht, mmx, 3dnowpref, sse, sse2, sse3, ssse3, sse4a, sse4.1, sse4.2, popcnt, lzcnt, tsc, tscinvbit, avx, avx2, aes, erms, clmul, bmi1, bmi2, adx, sha, fma, vzeroupper, clflush, clflushopt
Processor Information for all 16 processors :
  Max Mhz: 3201, Current Mhz: 3201, Mhz Limit: 3201

Memory: 4k page, system-wide physical 7418M (489M free)
TotalPageFile size 29946M (AvailPageFile size 2M)
current process WorkingSet (physical memory assigned to process): 83M, peak: 83M
current process commit charge ("private bytes"): 220M, peak: 221M

vm_info: OpenJDK 64-Bit Server VM (17.0.11+9) for windows-amd64 JRE (17.0.11+9), built on Apr 17 2024 06:07:48 by "admin" with MS VC++ 16.10 / 16.11 (VS2019)

END.
